[
	{
		"ad_id": 147621278,
		"list_id": 107895758,
		"account_name": "nguyễn Dung",
		"subject": "nhà 1trệt,1lầu,2 phòng ngủ,2 tolet , sổ hồng chính chủ",
		"list_time": 1688489739000
	},
	{
		"ad_id": 147621273,
		"list_id": 107895756,
		"account_name": "Tạ Đình Phong",
		"subject": "PHÒNG TRỌ CÓ GÁC NGAY NGUYỄN KIỆM",
		"list_time": 1688489714000
	},
	{
		"ad_id": 147621274,
		"list_id": 107895753,
		"account_name": "Nhật Phi Hifriendz",
		"subject": "Duplex Full NT đường Lê Đình Thám",
		"list_time": 1688489705000
	},
	{
		"ad_id": 147621271,
		"list_id": 107895752,
		"account_name": "Thu Hiền",
		"subject": "CHO THUÊ CĂN HỘ THOÁNG MÁT NGAY  CÔNG TRƯỜNG QUỐC TẾ",
		"list_time": 1688489704000
	},
	{
		"ad_id": 147621264,
		"list_id": 107895748,
		"account_name": "My My",
		"subject": "Căn Hộ Cao Cấp _ River Panorama 3PN 2WC Full nội thất",
		"list_time": 1688489671000
	},
	{
		"ad_id": 147621261,
		"list_id": 107895744,
		"account_name": "BĐS Ngọc Nguyễn",
		"subject": "Cần bán nhà sổ riêng - giá rẻ",
		"list_time": 1688489614000
	},
	{
		"ad_id": 147621249,
		"list_id": 107895735,
		"account_name": "Ngọc Hằng Nguyễn",
		"subject": "Cho thuê mặt bằng 27m2 hẻm / đường 3/2 quận 10",
		"list_time": 1688489560000
	},
	{
		"ad_id": 147621245,
		"list_id": 107895733,
		"account_name": "Kim Thoa  BĐS ĐÚNG HÌNH ẢNH ĐĂNG",
		"subject": "Chính sách chiết khấu hơn 50%  sở hữu Moonlight Avenue chỉ 1,06 tỷ/can",
		"list_time": 1688489544000
	},
	{
		"ad_id": 147240196,
		"list_id": 107572665,
		"account_name": "Phát Đất Xanh Group",
		"subject": "ST MORITZ Cho Thuê Tầng Cao View Sông Sài Gòn Thoáng Mát",
		"list_time": 1688489537355
	},
	{
		"ad_id": 147621242,
		"list_id": 107895730,
		"account_name": "Do Nga",
		"subject": "Bán đất Đà Nẵng Phố Biển",
		"list_time": 1688489520000
	}
]